TN:
SF:src/ColeccionFunkos.ts
FN:7,<instance_members_initializer>
FN:15,ColeccionFunkos
FN:52,anadir
FN:67,modificar
FN:83,eliminar
FN:98,listar
FN:118,mostrar
FN:144,rangoValoresMercado
FN:163,existeFunko
FN:184,ubicacionFunko
FNF:10
FNH:9
FNDA:1,<instance_members_initializer>
FNDA:1,ColeccionFunkos
FNDA:2,anadir
FNDA:2,modificar
FNDA:2,eliminar
FNDA:0,listar
FNDA:2,mostrar
FNDA:1,rangoValoresMercado
FNDA:8,existeFunko
FNDA:3,ubicacionFunko
DA:1,1
DA:2,1
DA:3,1
DA:4,1
DA:5,1
DA:6,1
DA:7,1
DA:8,1
DA:9,1
DA:10,1
DA:11,1
DA:12,1
DA:13,1
DA:14,1
DA:15,1
DA:16,1
DA:17,1
DA:18,1
DA:19,1
DA:20,1
DA:21,0
DA:22,1
DA:23,1
DA:24,1
DA:25,1
DA:26,1
DA:27,14
DA:28,14
DA:29,14
DA:30,14
DA:31,14
DA:32,14
DA:33,14
DA:34,14
DA:35,14
DA:36,14
DA:37,14
DA:38,14
DA:39,14
DA:40,14
DA:41,14
DA:42,14
DA:43,14
DA:44,14
DA:45,1
DA:46,1
DA:47,1
DA:48,1
DA:49,1
DA:50,1
DA:51,1
DA:52,1
DA:53,2
DA:54,2
DA:55,1
DA:56,1
DA:57,1
DA:58,1
DA:59,1
DA:60,1
DA:61,2
DA:62,1
DA:63,1
DA:64,1
DA:65,1
DA:66,1
DA:67,1
DA:68,2
DA:69,1
DA:70,1
DA:71,1
DA:72,1
DA:73,1
DA:74,1
DA:75,1
DA:76,2
DA:77,1
DA:78,1
DA:79,1
DA:80,1
DA:81,1
DA:82,1
DA:83,1
DA:84,2
DA:85,1
DA:86,1
DA:87,1
DA:88,1
DA:89,1
DA:90,1
DA:91,1
DA:92,2
DA:93,1
DA:94,1
DA:95,1
DA:96,1
DA:97,1
DA:98,1
DA:99,0
DA:100,0
DA:101,0
DA:102,0
DA:103,0
DA:104,0
DA:105,0
DA:106,0
DA:107,0
DA:108,0
DA:109,0
DA:110,0
DA:111,0
DA:112,0
DA:113,1
DA:114,1
DA:115,1
DA:116,1
DA:117,1
DA:118,1
DA:119,2
DA:120,1
DA:121,1
DA:122,1
DA:123,1
DA:124,1
DA:125,1
DA:126,1
DA:127,1
DA:128,1
DA:129,1
DA:130,1
DA:131,1
DA:132,1
DA:133,1
DA:134,1
DA:135,1
DA:136,2
DA:137,1
DA:138,1
DA:139,1
DA:140,1
DA:141,1
DA:142,1
DA:143,1
DA:144,1
DA:145,1
DA:146,1
DA:147,1
DA:148,1
DA:149,0
DA:150,0
DA:151,0
DA:152,0
DA:153,0
DA:154,0
DA:155,1
DA:156,1
DA:157,1
DA:158,1
DA:159,1
DA:160,1
DA:161,1
DA:162,1
DA:163,1
DA:164,8
DA:165,8
DA:166,118
DA:167,4
DA:168,4
DA:169,8
DA:170,8
DA:171,8
DA:172,4
DA:173,4
DA:174,4
DA:175,4
DA:176,1
DA:177,1
DA:178,1
DA:179,1
DA:180,1
DA:181,1
DA:182,1
DA:183,1
DA:184,1
DA:185,3
DA:186,45
DA:187,3
DA:188,3
DA:189,45
DA:190,0
DA:191,0
DA:192,1
LF:192
LH:169
BRDA:7,0,0,1
BRDA:15,1,0,1
BRDA:20,2,0,0
BRDA:26,3,0,14
BRDA:52,4,0,2
BRDA:54,5,0,1
BRDA:67,6,0,2
BRDA:68,7,0,1
BRDA:83,8,0,2
BRDA:84,9,0,1
BRDA:118,10,0,2
BRDA:119,11,0,1
BRDA:144,12,0,1
BRDA:148,13,0,0
BRDA:163,14,0,8
BRDA:171,15,0,4
BRDA:165,16,0,118
BRDA:166,17,0,4
BRDA:184,18,0,3
BRDA:185,19,0,45
BRDA:186,20,0,3
BRDA:190,21,0,0
BRF:22
BRH:19
end_of_record
