TN:
SF:src/AddMapReduce.ts
FN:16,(anonymous_0)
FN:25,(anonymous_1)
FN:30,(anonymous_2)
FNF:3
FNH:3
FNDA:1,(anonymous_0)
FNDA:1,(anonymous_1)
FNDA:2,(anonymous_2)
DA:1,1
DA:6,1
DA:17,1
DA:26,1
DA:28,1
DA:29,1
DA:30,1
DA:31,2
DA:37,1
LF:9
LH:9
BRF:0
BRH:0
end_of_record
TN:
SF:src/DivMapReduce.ts
FN:12,(anonymous_0)
FN:21,(anonymous_1)
FN:26,(anonymous_2)
FNF:3
FNH:3
FNDA:1,(anonymous_0)
FNDA:1,(anonymous_1)
FNDA:2,(anonymous_2)
DA:1,1
DA:6,1
DA:13,1
DA:22,1
DA:24,1
DA:25,1
DA:26,1
DA:27,2
DA:29,1
LF:9
LH:9
BRF:0
BRH:0
end_of_record
TN:
SF:src/ProdMapReduce.ts
FN:12,(anonymous_0)
FN:21,(anonymous_1)
FN:26,(anonymous_2)
FNF:3
FNH:3
FNDA:1,(anonymous_0)
FNDA:1,(anonymous_1)
FNDA:2,(anonymous_2)
DA:1,1
DA:6,1
DA:13,1
DA:22,1
DA:24,1
DA:25,1
DA:26,1
DA:27,2
DA:29,1
LF:9
LH:9
BRF:0
BRH:0
end_of_record
TN:
SF:src/SubMapReduce.ts
FN:12,(anonymous_0)
FN:21,(anonymous_1)
FN:26,(anonymous_2)
FNF:3
FNH:3
FNDA:1,(anonymous_0)
FNDA:1,(anonymous_1)
FNDA:2,(anonymous_2)
DA:1,1
DA:6,1
DA:13,1
DA:22,1
DA:24,1
DA:25,1
DA:26,1
DA:27,2
DA:29,1
LF:9
LH:9
BRF:0
BRH:0
end_of_record
TN:
SF:src/map.ts
FN:11,(anonymous_0)
FN:19,(anonymous_1)
FN:50,(anonymous_2)
FN:74,(anonymous_3)
FNF:4
FNH:2
FNDA:4,(anonymous_0)
FNDA:0,(anonymous_1)
FNDA:0,(anonymous_2)
FNDA:4,(anonymous_3)
DA:7,1
DA:12,4
DA:22,0
DA:52,0
DA:54,0
DA:55,0
DA:56,0
DA:57,0
DA:58,0
DA:60,0
DA:75,4
LF:11
LH:3
BRF:0
BRH:0
end_of_record
